c:\users\byd\desktop\勉強用\c+\blackjack2\blackjack mfc\blackjack mfc\x64\debug\blackjack mfc.pch
c:\users\byd\desktop\勉強用\c+\blackjack2\blackjack mfc\blackjack mfc\x64\debug\vc143.pdb
c:\users\byd\desktop\勉強用\c+\blackjack2\blackjack mfc\blackjack mfc\x64\debug\vc143.idb
c:\users\byd\desktop\勉強用\c+\blackjack2\blackjack mfc\blackjack mfc\x64\debug\pch.obj
c:\users\byd\desktop\勉強用\c+\blackjack2\blackjack mfc\blackjack mfc\x64\debug\blackjack.obj
c:\users\byd\desktop\勉強用\c+\blackjack2\blackjack mfc\blackjack mfc\x64\debug\blackjack mfc.obj
c:\users\byd\desktop\勉強用\c+\blackjack2\blackjack mfc\blackjack mfc\x64\debug\blackjack mfcdlg.obj
c:\users\byd\desktop\勉強用\c+\blackjack2\blackjack mfc\x64\debug\blackjack mfc.exe
c:\users\byd\desktop\勉強用\c+\blackjack2\blackjack mfc\blackjack mfc\x64\debug\blackjack mfc.ilk
c:\users\byd\desktop\勉強用\c+\blackjack2\blackjack mfc\x64\debug\blackjack mfc.pdb
c:\users\byd\desktop\勉強用\c+\blackjack2\blackjack mfc\blackjack mfc\x64\debug\blackjackmfc.res
c:\users\byd\desktop\勉強用\c+\blackjack2\blackjack mfc\blackjack mfc\x64\debug\blackjack mfc.tlog\cl.command.1.tlog
c:\users\byd\desktop\勉強用\c+\blackjack2\blackjack mfc\blackjack mfc\x64\debug\blackjack mfc.tlog\cl.items.tlog
c:\users\byd\desktop\勉強用\c+\blackjack2\blackjack mfc\blackjack mfc\x64\debug\blackjack mfc.tlog\cl.read.1.tlog
c:\users\byd\desktop\勉強用\c+\blackjack2\blackjack mfc\blackjack mfc\x64\debug\blackjack mfc.tlog\cl.write.1.tlog
c:\users\byd\desktop\勉強用\c+\blackjack2\blackjack mfc\blackjack mfc\x64\debug\blackjack mfc.tlog\link.command.1.tlog
c:\users\byd\desktop\勉強用\c+\blackjack2\blackjack mfc\blackjack mfc\x64\debug\blackjack mfc.tlog\link.read.1.tlog
c:\users\byd\desktop\勉強用\c+\blackjack2\blackjack mfc\blackjack mfc\x64\debug\blackjack mfc.tlog\link.write.1.tlog
c:\users\byd\desktop\勉強用\c+\blackjack2\blackjack mfc\blackjack mfc\x64\debug\blackjack mfc.tlog\rc.command.1.tlog
c:\users\byd\desktop\勉強用\c+\blackjack2\blackjack mfc\blackjack mfc\x64\debug\blackjack mfc.tlog\rc.read.1.tlog
c:\users\byd\desktop\勉強用\c+\blackjack2\blackjack mfc\blackjack mfc\x64\debug\blackjack mfc.tlog\rc.write.1.tlog
